0 info it worked if it ends with ok
1 verbose cli [ '/usr/bin/node',
1 verbose cli   '/usr/bin/npm',
1 verbose cli   'run',
1 verbose cli   'build',
1 verbose cli   '--',
1 verbose cli   'blood.scss' ]
2 info using npm@3.5.2
3 info using node@v8.10.0
4 verbose run-script [ 'prebuild', 'build', 'postbuild' ]
5 info lifecycle reveal.js@3.7.0~prebuild: reveal.js@3.7.0
6 silly lifecycle reveal.js@3.7.0~prebuild: no script for prebuild, continuing
7 info lifecycle reveal.js@3.7.0~build: reveal.js@3.7.0
8 verbose lifecycle reveal.js@3.7.0~build: unsafe-perm in lifecycle true
9 verbose lifecycle reveal.js@3.7.0~build: PATH: /usr/share/npm/bin/node-gyp-bin:/home/michael/Documents/SocialFinal/node_modules/.bin:/home/michael/.local/bin:/usr/local/sbin:/usr/local/bin:/usr/sbin:/usr/bin:/sbin:/bin:/usr/games:/usr/local/games:/snap/bin
10 verbose lifecycle reveal.js@3.7.0~build: CWD: /home/michael/Documents/SocialFinal
11 silly lifecycle reveal.js@3.7.0~build: Args: [ '-c', 'grunt "blood.scss"' ]
12 silly lifecycle reveal.js@3.7.0~build: Returned: code: 3  signal: null
13 info lifecycle reveal.js@3.7.0~build: Failed to exec build script
14 verbose stack Error: reveal.js@3.7.0 build: `grunt "blood.scss"`
14 verbose stack Exit status 3
14 verbose stack     at EventEmitter.<anonymous> (/usr/share/npm/lib/utils/lifecycle.js:232:16)
14 verbose stack     at emitTwo (events.js:126:13)
14 verbose stack     at EventEmitter.emit (events.js:214:7)
14 verbose stack     at ChildProcess.<anonymous> (/usr/share/npm/lib/utils/spawn.js:24:14)
14 verbose stack     at emitTwo (events.js:126:13)
14 verbose stack     at ChildProcess.emit (events.js:214:7)
14 verbose stack     at maybeClose (internal/child_process.js:925:16)
14 verbose stack     at Process.ChildProcess._handle.onexit (internal/child_process.js:209:5)
15 verbose pkgid reveal.js@3.7.0
16 verbose cwd /home/michael/Documents/SocialFinal/css/theme/source
17 error Linux 4.15.0-43-generic
18 error argv "/usr/bin/node" "/usr/bin/npm" "run" "build" "--" "blood.scss"
19 error node v8.10.0
20 error npm  v3.5.2
21 error code ELIFECYCLE
22 error reveal.js@3.7.0 build: `grunt "blood.scss"`
22 error Exit status 3
23 error Failed at the reveal.js@3.7.0 build script 'grunt "blood.scss"'.
23 error Make sure you have the latest version of node.js and npm installed.
23 error If you do, this is most likely a problem with the reveal.js package,
23 error not with npm itself.
23 error Tell the author that this fails on your system:
23 error     grunt "blood.scss"
23 error You can get information on how to open an issue for this project with:
23 error     npm bugs reveal.js
23 error Or if that isn't available, you can get their info via:
23 error     npm owner ls reveal.js
23 error There is likely additional logging output above.
24 verbose exit [ 1, true ]
